0 info it worked if it ends with ok
1 verbose cli [ '/home/yusef/local/bin/node',
1 verbose cli   '/home/yusef/local/bin/npm',
1 verbose cli   'install',
1 verbose cli   'phantomjs' ]
2 info using npm@1.3.11
3 info using node@v0.10.20
4 verbose readDependencies using package.json deps
5 verbose cache add [ 'phantomjs', null ]
6 verbose cache add name=undefined spec="phantomjs" args=["phantomjs",null]
7 verbose parsed url { protocol: null,
7 verbose parsed url   slashes: null,
7 verbose parsed url   auth: null,
7 verbose parsed url   host: null,
7 verbose parsed url   port: null,
7 verbose parsed url   hostname: null,
7 verbose parsed url   hash: null,
7 verbose parsed url   search: null,
7 verbose parsed url   query: null,
7 verbose parsed url   pathname: 'phantomjs',
7 verbose parsed url   path: 'phantomjs',
7 verbose parsed url   href: 'phantomjs' }
8 silly lockFile 30d7cd7d-phantomjs phantomjs
9 verbose lock phantomjs /home/yusef/.npm/30d7cd7d-phantomjs.lock
10 silly lockFile 30d7cd7d-phantomjs phantomjs
11 silly lockFile 30d7cd7d-phantomjs phantomjs
12 verbose addNamed [ 'phantomjs', '' ]
13 verbose addNamed [ null, '*' ]
14 silly lockFile 29cf7fd6-phantomjs phantomjs@
15 verbose lock phantomjs@ /home/yusef/.npm/29cf7fd6-phantomjs.lock
16 silly addNameRange { name: 'phantomjs', range: '*', hasData: false }
17 verbose url raw phantomjs
18 verbose url resolving [ 'https://registry.npmjs.org/', './phantomjs' ]
19 verbose url resolved https://registry.npmjs.org/phantomjs
20 info trying registry request attempt 1 at 12:47:27
21 http GET https://registry.npmjs.org/phantomjs
22 info retry will retry, error on last attempt: Error: tunneling socket could not be established, cause=connect EINVAL
23 info trying registry request attempt 2 at 12:47:37
24 http GET https://registry.npmjs.org/phantomjs
25 info retry will retry, error on last attempt: Error: tunneling socket could not be established, cause=connect EINVAL
26 info trying registry request attempt 3 at 12:48:37
27 http GET https://registry.npmjs.org/phantomjs
28 silly lockFile 29cf7fd6-phantomjs phantomjs@
29 silly lockFile 29cf7fd6-phantomjs phantomjs@
30 error network tunneling socket could not be established, cause=connect EINVAL
30 error network This is most likely not a problem with npm itself
30 error network and is related to network connectivity.
30 error network In most cases you are behind a proxy or have bad network settings.
30 error network
30 error network If you are behind a proxy, please make sure that the
30 error network 'proxy' config is set properly.  See: 'npm help config'
31 error System Linux 3.8.0-35-generic
32 error command "/home/yusef/local/bin/node" "/home/yusef/local/bin/npm" "install" "phantomjs"
33 error cwd /media/Datos/Aptana_Poryectos/prueba
34 error node -v v0.10.20
35 error npm -v 1.3.11
36 error code ECONNRESET
37 verbose exit [ 1, true ]
